coin: BTC
freq: 1
buy_and_hold: 1.069
strat: 1.009
coin: BTC
freq: 3
buy_and_hold: 1.230
strat: 1.087
coin: BTC
freq: 12
buy_and_hold: 1.069
strat: 1.042
coin: BTC
freq: 24
buy_and_hold: 1.206
strat: 1.137
coin: BTC
freq: 48
buy_and_hold: 1.395
strat: 1.022
coin: BTC
freq: 96
buy_and_hold: 1.464
strat: 0.955
coin: BTC
freq: 480
buy_and_hold: 1.120
strat: 0.895
coin: ETHBTC
freq: 1
buy_and_hold: 1.103
strat: 1.100
coin: ETHBTC
freq: 3
buy_and_hold: 1.134
strat: 1.060
coin: ETHBTC
freq: 12
buy_and_hold: 1.050
strat: 1.046
coin: ETHBTC
freq: 24
buy_and_hold: 1.023
strat: 0.999
coin: ETHBTC
freq: 48
buy_and_hold: 1.113
strat: 1.066
coin: ETHBTC
freq: 96
buy_and_hold: 1.059
strat: 1.034
coin: ETHBTC
freq: 480
buy_and_hold: 1.000
strat: 1.034
